  [1m[35m (0.7ms)[0m  [1m[35mDROP DATABASE IF EXISTS "stagehand_coffee_development"[0m
  ↳ bin/rails:9
  [1m[35m (0.2ms)[0m  [1m[35mDROP DATABASE IF EXISTS "stagehand_coffee_test"[0m
  ↳ bin/rails:9
  [1m[35m (466.3ms)[0m  [1m[35mCREATE DATABASE "stagehand_coffee_development" ENCODING = 'unicode'[0m
  ↳ bin/rails:9
  [1m[35m (329.4ms)[0m  [1m[35mCREATE DATABASE "stagehand_coffee_test" ENCODING = 'unicode'[0m
  ↳ bin/rails:9
  [1m[35m (4.7ms)[0m  [1m[35mCREATE TABLE "schema_migrations" ("version" character varying NOT NULL PRIMARY KEY)[0m
  ↳ bin/rails:9
  [1m[35m (4.7ms)[0m  [1m[35mCREATE TABLE "ar_internal_metadata" ("key" character varying NOT NULL PRIMARY KEY, "value" character varying, "created_at" timestamp NOT NULL, "updated_at" timestamp NOT NULL)[0m
  ↳ bin/rails:9
  [1m[35m (0.5ms)[0m  [1m[34mSELECT pg_try_advisory_lock(3606862861387952460)[0m
  ↳ bin/rails:9
  [1m[35m (0.6ms)[0m  [1m[34mSELECT "schema_migrations"."version" FROM "schema_migrations" ORDER BY "schema_migrations"."version" ASC[0m
  ↳ bin/rails:9
  [1m[36mActiveRecord::InternalMetadata Load (0.4ms)[0m  [1m[34mSELECT  "ar_internal_metadata".* FROM "ar_internal_metadata" WHERE "ar_internal_metadata"."key" = $1 LIMIT $2[0m  [["key", "environment"], ["LIMIT", 1]]
  ↳ bin/rails:9
  [1m[35m (0.1ms)[0m  [1m[35mBEGIN[0m
  ↳ bin/rails:9
  [1m[36mActiveRecord::InternalMetadata Create (0.3ms)[0m  [1m[32mINSERT INTO "ar_internal_metadata" ("key", "value", "created_at", "updated_at") VALUES ($1, $2, $3, $4) RETURNING "key"[0m  [["key", "environment"], ["value", "development"], ["created_at", "2019-07-09 19:16:55.386538"], ["updated_at", "2019-07-09 19:16:55.386538"]]
  ↳ bin/rails:9
  [1m[35m (0.4ms)[0m  [1m[35mCOMMIT[0m
  ↳ bin/rails:9
  [1m[35m (0.1ms)[0m  [1m[34mSELECT pg_advisory_unlock(3606862861387952460)[0m
  ↳ bin/rails:9
  [1m[35m (0.1ms)[0m  [1m[34mSELECT "schema_migrations"."version" FROM "schema_migrations" ORDER BY "schema_migrations"."version" ASC[0m
  ↳ bin/rails:9
  [1m[35m (0.1ms)[0m  [1m[34mSELECT pg_try_advisory_lock(3606862861387952460)[0m
  ↳ bin/rails:9
  [1m[35m (0.5ms)[0m  [1m[34mSELECT "schema_migrations"."version" FROM "schema_migrations" ORDER BY "schema_migrations"."version" ASC[0m
  ↳ bin/rails:9
Migrating to DeviseCreateUsers (20190709191708)
  [1m[35m (0.1ms)[0m  [1m[35mBEGIN[0m
  ↳ bin/rails:9
  [1m[35m (4.2ms)[0m  [1m[35mCREATE TABLE "users" ("id" bigserial primary key, "email" character varying DEFAULT '' NOT NULL, "encrypted_password" character varying DEFAULT '' NOT NULL, "reset_password_token" character varying, "reset_password_sent_at" timestamp, "remember_created_at" timestamp, "created_at" timestamp NOT NULL, "updated_at" timestamp NOT NULL)[0m
  ↳ db/migrate/20190709191708_devise_create_users.rb:5
  [1m[35m (0.7ms)[0m  [1m[35mCREATE UNIQUE INDEX  "index_users_on_email" ON "users"  ("email")[0m
  ↳ db/migrate/20190709191708_devise_create_users.rb:39
  [1m[35m (0.7ms)[0m  [1m[35mCREATE UNIQUE INDEX  "index_users_on_reset_password_token" ON "users"  ("reset_password_token")[0m
  ↳ db/migrate/20190709191708_devise_create_users.rb:40
  [1m[36mActiveRecord::SchemaMigration Create (0.4ms)[0m  [1m[32mINSERT INTO "schema_migrations" ("version") VALUES ($1) RETURNING "version"[0m  [["version", "20190709191708"]]
  ↳ bin/rails:9
  [1m[35m (0.9ms)[0m  [1m[35mCOMMIT[0m
  ↳ bin/rails:9
  [1m[36mActiveRecord::InternalMetadata Load (0.2ms)[0m  [1m[34mSELECT  "ar_internal_metadata".* FROM "ar_internal_metadata" WHERE "ar_internal_metadata"."key" = $1 LIMIT $2[0m  [["key", "environment"], ["LIMIT", 1]]
  ↳ bin/rails:9
  [1m[35m (0.1ms)[0m  [1m[35mBEGIN[0m
  ↳ bin/rails:9
  [1m[35m (0.1ms)[0m  [1m[35mCOMMIT[0m
  ↳ bin/rails:9
  [1m[35m (0.2ms)[0m  [1m[34mSELECT pg_advisory_unlock(3606862861387952460)[0m
  ↳ bin/rails:9
  [1m[35m (0.2ms)[0m  [1m[34mSELECT "schema_migrations"."version" FROM "schema_migrations" ORDER BY "schema_migrations"."version" ASC[0m
  ↳ bin/rails:9
  [1m[35m (1.6ms)[0m  [1m[35mCREATE DATABASE "stagehand_coffee_development" ENCODING = 'unicode'[0m
  ↳ bin/rails:9
  [1m[35m (1.0ms)[0m  [1m[35mCREATE DATABASE "stagehand_coffee_test" ENCODING = 'unicode'[0m
  ↳ bin/rails:9
  [1m[35m (0.1ms)[0m  [1m[34mSELECT pg_try_advisory_lock(3606862861387952460)[0m
  ↳ bin/rails:9
  [1m[35m (0.6ms)[0m  [1m[34mSELECT "schema_migrations"."version" FROM "schema_migrations" ORDER BY "schema_migrations"."version" ASC[0m
  ↳ bin/rails:9
Migrating to CreateProfiles (20190710180647)
  [1m[35m (0.1ms)[0m  [1m[35mBEGIN[0m
  ↳ bin/rails:9
  [1m[35m (5.5ms)[0m  [1m[35mCREATE TABLE "profiles" ("id" bigserial primary key, "first_name" character varying, "last_name" character varying, "address" character varying, "created_at" timestamp NOT NULL, "updated_at" timestamp NOT NULL)[0m
  ↳ db/migrate/20190710180647_create_profiles.rb:3
  [1m[36mActiveRecord::SchemaMigration Create (0.2ms)[0m  [1m[32mINSERT INTO "schema_migrations" ("version") VALUES ($1) RETURNING "version"[0m  [["version", "20190710180647"]]
  ↳ bin/rails:9
  [1m[35m (0.4ms)[0m  [1m[35mCOMMIT[0m
  ↳ bin/rails:9
  [1m[36mActiveRecord::InternalMetadata Load (0.3ms)[0m  [1m[34mSELECT  "ar_internal_metadata".* FROM "ar_internal_metadata" WHERE "ar_internal_metadata"."key" = $1 LIMIT $2[0m  [["key", "environment"], ["LIMIT", 1]]
  ↳ bin/rails:9
  [1m[35m (0.1ms)[0m  [1m[35mBEGIN[0m
  ↳ bin/rails:9
  [1m[35m (0.1ms)[0m  [1m[35mCOMMIT[0m
  ↳ bin/rails:9
  [1m[35m (0.1ms)[0m  [1m[34mSELECT pg_advisory_unlock(3606862861387952460)[0m
  ↳ bin/rails:9
  [1m[35m (0.2ms)[0m  [1m[34mSELECT "schema_migrations"."version" FROM "schema_migrations" ORDER BY "schema_migrations"."version" ASC[0m
  ↳ bin/rails:9
  [1m[35m (0.1ms)[0m  [1m[34mSELECT pg_try_advisory_lock(3606862861387952460)[0m
  ↳ bin/rails:9
  [1m[35m (0.5ms)[0m  [1m[34mSELECT "schema_migrations"."version" FROM "schema_migrations" ORDER BY "schema_migrations"."version" ASC[0m
  ↳ bin/rails:9
Migrating to CreateCoffees (20190710180950)
  [1m[35m (0.1ms)[0m  [1m[35mBEGIN[0m
  ↳ bin/rails:9
  [1m[35m (6.1ms)[0m  [1m[35mCREATE TABLE "coffees" ("id" bigserial primary key, "name" character varying, "address" character varying, "created_at" timestamp NOT NULL, "updated_at" timestamp NOT NULL)[0m
  ↳ db/migrate/20190710180950_create_coffees.rb:3
  [1m[36mActiveRecord::SchemaMigration Create (0.2ms)[0m  [1m[32mINSERT INTO "schema_migrations" ("version") VALUES ($1) RETURNING "version"[0m  [["version", "20190710180950"]]
  ↳ bin/rails:9
  [1m[35m (0.5ms)[0m  [1m[35mCOMMIT[0m
  ↳ bin/rails:9
  [1m[36mActiveRecord::InternalMetadata Load (0.2ms)[0m  [1m[34mSELECT  "ar_internal_metadata".* FROM "ar_internal_metadata" WHERE "ar_internal_metadata"."key" = $1 LIMIT $2[0m  [["key", "environment"], ["LIMIT", 1]]
  ↳ bin/rails:9
  [1m[35m (0.1ms)[0m  [1m[35mBEGIN[0m
  ↳ bin/rails:9
  [1m[35m (0.1ms)[0m  [1m[35mCOMMIT[0m
  ↳ bin/rails:9
  [1m[35m (0.2ms)[0m  [1m[34mSELECT pg_advisory_unlock(3606862861387952460)[0m
  ↳ bin/rails:9
  [1m[35m (0.2ms)[0m  [1m[34mSELECT "schema_migrations"."version" FROM "schema_migrations" ORDER BY "schema_migrations"."version" ASC[0m
  ↳ bin/rails:9
  [1m[35m (0.1ms)[0m  [1m[34mSELECT pg_try_advisory_lock(3606862861387952460)[0m
  ↳ bin/rails:9
  [1m[35m (0.9ms)[0m  [1m[34mSELECT "schema_migrations"."version" FROM "schema_migrations" ORDER BY "schema_migrations"."version" ASC[0m
  ↳ bin/rails:9
Migrating to CreateTheatres (20190711155335)
  [1m[35m (0.1ms)[0m  [1m[35mBEGIN[0m
  ↳ bin/rails:9
  [1m[35m (8.1ms)[0m  [1m[35mCREATE TABLE "theatres" ("id" bigserial primary key, "name" character varying, "address" character varying, "note" text, "created_at" timestamp NOT NULL, "updated_at" timestamp NOT NULL)[0m
  ↳ db/migrate/20190711155335_create_theatres.rb:3
  [1m[36mActiveRecord::SchemaMigration Create (0.3ms)[0m  [1m[32mINSERT INTO "schema_migrations" ("version") VALUES ($1) RETURNING "version"[0m  [["version", "20190711155335"]]
  ↳ bin/rails:9
  [1m[35m (0.4ms)[0m  [1m[35mCOMMIT[0m
  ↳ bin/rails:9
  [1m[36mActiveRecord::InternalMetadata Load (0.3ms)[0m  [1m[34mSELECT  "ar_internal_metadata".* FROM "ar_internal_metadata" WHERE "ar_internal_metadata"."key" = $1 LIMIT $2[0m  [["key", "environment"], ["LIMIT", 1]]
  ↳ bin/rails:9
  [1m[35m (0.3ms)[0m  [1m[35mBEGIN[0m
  ↳ bin/rails:9
  [1m[35m (0.2ms)[0m  [1m[35mCOMMIT[0m
  ↳ bin/rails:9
  [1m[35m (0.2ms)[0m  [1m[34mSELECT pg_advisory_unlock(3606862861387952460)[0m
  ↳ bin/rails:9
  [1m[35m (0.2ms)[0m  [1m[34mSELECT "schema_migrations"."version" FROM "schema_migrations" ORDER BY "schema_migrations"."version" ASC[0m
  ↳ bin/rails:9
Started GET "/" for ::1 at 2019-07-13 17:40:57 +0200
  [1m[35m (0.6ms)[0m  [1m[34mSELECT "schema_migrations"."version" FROM "schema_migrations" ORDER BY "schema_migrations"."version" ASC[0m
  ↳ /Users/matthewmacbookpro/.rbenv/versions/2.6.3/lib/ruby/gems/2.6.0/gems/activerecord-5.2.3/lib/active_record/log_subscriber.rb:98
Processing by PagesController#home as HTML
  Rendering pages/home.html.erb within layouts/application
  Rendered pages/home.html.erb within layouts/application (2.4ms)
  Rendered shared/_navbar.html.erb (4.1ms)
  Rendered shared/_flashes.html.erb (0.3ms)
[Webpacker] Compiling…
[Webpacker] Compiled all packs in /Users/matthewmacbookpro/code/matbat99/stagehand_coffee/public/packs
Completed 200 OK in 4966ms (Views: 4964.7ms | ActiveRecord: 0.0ms)


Started GET "/" for ::1 at 2019-07-15 17:24:17 +0200
  [1m[35m (0.5ms)[0m  [1m[34mSELECT "schema_migrations"."version" FROM "schema_migrations" ORDER BY "schema_migrations"."version" ASC[0m
  ↳ /Users/matthewmacbookpro/.rbenv/versions/2.6.3/lib/ruby/gems/2.6.0/gems/activerecord-5.2.3/lib/active_record/log_subscriber.rb:98
Processing by PagesController#home as HTML
  Rendering pages/home.html.erb within layouts/application
  Rendered pages/home.html.erb within layouts/application (1.3ms)
  Rendered shared/_navbar.html.erb (4.2ms)
  Rendered shared/_flashes.html.erb (0.4ms)
[Webpacker] Compiling…
[Webpacker] Compiled all packs in /Users/matthewmacbookpro/code/matbat99/stagehand_coffee/public/packs
Completed 200 OK in 2738ms (Views: 2735.7ms | ActiveRecord: 0.0ms)


Started GET "/theatres" for ::1 at 2019-07-15 17:26:41 +0200
Processing by TheatresController#index as HTML
Completed 401 Unauthorized in 6ms (ActiveRecord: 0.0ms)


Started GET "/users/sign_in" for ::1 at 2019-07-15 17:26:41 +0200
Processing by Devise::SessionsController#new as HTML
  Rendering devise/sessions/new.html.erb within layouts/application
  Rendered devise/shared/_links.html.erb (1.0ms)
  Rendered devise/sessions/new.html.erb within layouts/application (78.5ms)
  Rendered shared/_navbar.html.erb (0.7ms)
  Rendered shared/_flashes.html.erb (0.3ms)
Completed 200 OK in 113ms (Views: 95.4ms | ActiveRecord: 7.9ms)


Started GET "/users/sign_up" for ::1 at 2019-07-15 17:26:45 +0200
Processing by Devise::RegistrationsController#new as HTML
  Rendering devise/registrations/new.html.erb within layouts/application
  Rendered devise/shared/_links.html.erb (0.8ms)
  Rendered devise/registrations/new.html.erb within layouts/application (9.0ms)
  Rendered shared/_navbar.html.erb (0.8ms)
  Rendered shared/_flashes.html.erb (0.3ms)
Completed 200 OK in 28ms (Views: 26.8ms | ActiveRecord: 0.0ms)


Started POST "/users" for ::1 at 2019-07-15 17:26:58 +0200
Processing by Devise::RegistrationsController#create as HTML
  Parameters: {"utf8"=>"✓", "authenticity_token"=>"tPSYayFPdFsNUE+c/EGbdfPQevaePSwVrjCo8yVvGOMaAHpmBaRpolSezBGobK6SsEt2vWaw+xEAVYxaPSRdHg==", "user"=>{"email"=>"test@email.com", "password"=>"[FILTERED]", "password_confirmation"=>"[FILTERED]"}, "commit"=>"Sign up"}
  [1m[35m (0.2ms)[0m  [1m[35mBEGIN[0m
  ↳ /Users/matthewmacbookpro/.rbenv/versions/2.6.3/lib/ruby/gems/2.6.0/gems/activerecord-5.2.3/lib/active_record/log_subscriber.rb:98
  [1m[36mUser Exists (6.5ms)[0m  [1m[34mSELECT  1 AS one FROM "users" WHERE "users"."email" = $1 LIMIT $2[0m  [["email", "test@email.com"], ["LIMIT", 1]]
  ↳ /Users/matthewmacbookpro/.rbenv/versions/2.6.3/lib/ruby/gems/2.6.0/gems/activerecord-5.2.3/lib/active_record/log_subscriber.rb:98
  [1m[35m (0.8ms)[0m  [1m[31mROLLBACK[0m
  ↳ /Users/matthewmacbookpro/.rbenv/versions/2.6.3/lib/ruby/gems/2.6.0/gems/activerecord-5.2.3/lib/active_record/log_subscriber.rb:98
  Rendering devise/registrations/new.html.erb within layouts/application
  Rendered devise/shared/_links.html.erb (0.7ms)
  Rendered devise/registrations/new.html.erb within layouts/application (31.4ms)
  Rendered shared/_navbar.html.erb (0.7ms)
  Rendered shared/_flashes.html.erb (0.3ms)
Completed 200 OK in 176ms (Views: 47.1ms | ActiveRecord: 7.4ms)


Started POST "/users" for ::1 at 2019-07-15 17:27:11 +0200
Processing by Devise::RegistrationsController#create as HTML
  Parameters: {"utf8"=>"✓", "authenticity_token"=>"qrpVUPl2AC6pU0Qkp6VVHA6IZuAHk4El2yG4mNPAtrMETrdd3Z0d1/Cdx6nziGD7TRNqq/8eViF1RJwxy4vzTg==", "user"=>{"email"=>"test@email.com", "password"=>"[FILTERED]", "password_confirmation"=>"[FILTERED]"}, "commit"=>"Sign up"}
  [1m[35m (0.2ms)[0m  [1m[35mBEGIN[0m
  ↳ /Users/matthewmacbookpro/.rbenv/versions/2.6.3/lib/ruby/gems/2.6.0/gems/activerecord-5.2.3/lib/active_record/log_subscriber.rb:98
  [1m[36mUser Exists (0.2ms)[0m  [1m[34mSELECT  1 AS one FROM "users" WHERE "users"."email" = $1 LIMIT $2[0m  [["email", "test@email.com"], ["LIMIT", 1]]
  ↳ /Users/matthewmacbookpro/.rbenv/versions/2.6.3/lib/ruby/gems/2.6.0/gems/activerecord-5.2.3/lib/active_record/log_subscriber.rb:98
  [1m[36mUser Create (4.6ms)[0m  [1m[32mINSERT INTO "users" ("email", "encrypted_password", "created_at", "updated_at") VALUES ($1, $2, $3, $4) RETURNING "id"[0m  [["email", "test@email.com"], ["encrypted_password", "$2a$11$oTMAB04V6ZtRDeNNkSYCb.ifKR.fTDYP4uHdko3lFRWrYDFOHz1x2"], ["created_at", "2019-07-15 15:27:12.031588"], ["updated_at", "2019-07-15 15:27:12.031588"]]
  ↳ /Users/matthewmacbookpro/.rbenv/versions/2.6.3/lib/ruby/gems/2.6.0/gems/activerecord-5.2.3/lib/active_record/log_subscriber.rb:98
  [1m[35m (0.7ms)[0m  [1m[35mCOMMIT[0m
  ↳ /Users/matthewmacbookpro/.rbenv/versions/2.6.3/lib/ruby/gems/2.6.0/gems/activerecord-5.2.3/lib/active_record/log_subscriber.rb:98
Redirected to http://localhost:3000/theatres
Completed 302 Found in 116ms (ActiveRecord: 5.7ms)


Started GET "/theatres" for ::1 at 2019-07-15 17:27:12 +0200
Processing by TheatresController#index as HTML
  [1m[36mUser Load (0.2ms)[0m  [1m[34mSELECT  "users".* FROM "users" WHERE "users"."id" = $1 ORDER BY "users"."id" ASC LIMIT $2[0m  [["id", 1], ["LIMIT", 1]]
  ↳ /Users/matthewmacbookpro/.rbenv/versions/2.6.3/lib/ruby/gems/2.6.0/gems/activerecord-5.2.3/lib/active_record/log_subscriber.rb:98
  Rendering theatres/index.html.erb within layouts/application
  Rendered theatres/index.html.erb within layouts/application (0.2ms)
  Rendered shared/_navbar.html.erb (0.7ms)
  Rendered shared/_flashes.html.erb (0.2ms)
Completed 200 OK in 17ms (Views: 14.0ms | ActiveRecord: 0.4ms)


Started GET "/theatres" for ::1 at 2019-07-15 17:27:38 +0200
Processing by TheatresController#index as HTML
  [1m[36mUser Load (0.3ms)[0m  [1m[34mSELECT  "users".* FROM "users" WHERE "users"."id" = $1 ORDER BY "users"."id" ASC LIMIT $2[0m  [["id", 1], ["LIMIT", 1]]
  ↳ /Users/matthewmacbookpro/.rbenv/versions/2.6.3/lib/ruby/gems/2.6.0/gems/activerecord-5.2.3/lib/active_record/log_subscriber.rb:98
  Rendering theatres/index.html.erb within layouts/application
  Rendered theatres/index.html.erb within layouts/application (0.3ms)
  Rendered shared/_flashes.html.erb (0.4ms)
Completed 200 OK in 17ms (Views: 14.9ms | ActiveRecord: 0.3ms)


Started GET "/theatres" for ::1 at 2019-07-15 17:28:00 +0200
Processing by TheatresController#index as HTML
  [1m[36mUser Load (0.2ms)[0m  [1m[34mSELECT  "users".* FROM "users" WHERE "users"."id" = $1 ORDER BY "users"."id" ASC LIMIT $2[0m  [["id", 1], ["LIMIT", 1]]
  ↳ /Users/matthewmacbookpro/.rbenv/versions/2.6.3/lib/ruby/gems/2.6.0/gems/activerecord-5.2.3/lib/active_record/log_subscriber.rb:98
  Rendering theatres/index.html.erb within layouts/application
  Rendered theatres/index.html.erb within layouts/application (0.3ms)
  Rendered shared/_flashes.html.erb (0.4ms)
Completed 200 OK in 17ms (Views: 14.8ms | ActiveRecord: 0.2ms)


  [1m[35m (0.6ms)[0m  [1m[34mSELECT "schema_migrations"."version" FROM "schema_migrations" ORDER BY "schema_migrations"."version" ASC[0m
  ↳ bin/rails:9
  [1m[36mTheatre Destroy (4.0ms)[0m  [1m[31mDELETE FROM "theatres"[0m
  ↳ db/seeds.rb:8
  [1m[36mCoffee Destroy (3.9ms)[0m  [1m[31mDELETE FROM "coffees"[0m
  ↳ db/seeds.rb:9
  [1m[36mProfile Destroy (3.7ms)[0m  [1m[31mDELETE FROM "profiles"[0m
  ↳ db/seeds.rb:10
  [1m[36mUser Destroy (1.7ms)[0m  [1m[31mDELETE FROM "users"[0m
  ↳ db/seeds.rb:11
  [1m[35m (0.4ms)[0m  [1m[34mSELECT "schema_migrations"."version" FROM "schema_migrations" ORDER BY "schema_migrations"."version" ASC[0m
  ↳ bin/rails:9
  [1m[36mTheatre Destroy (0.3ms)[0m  [1m[31mDELETE FROM "theatres"[0m
  ↳ db/seeds.rb:9
  [1m[36mCoffee Destroy (0.2ms)[0m  [1m[31mDELETE FROM "coffees"[0m
  ↳ db/seeds.rb:11
  [1m[36mProfile Destroy (0.2ms)[0m  [1m[31mDELETE FROM "profiles"[0m
  ↳ db/seeds.rb:13
  [1m[36mUser Destroy (0.3ms)[0m  [1m[31mDELETE FROM "users"[0m
  ↳ db/seeds.rb:14
  [1m[35m (0.3ms)[0m  [1m[35mBEGIN[0m
  [1m[36mTheatre Create (0.7ms)[0m  [1m[32mINSERT INTO "theatres" ("name", "address", "created_at", "updated_at") VALUES ($1, $2, $3, $4) RETURNING "id"[0m  [["name", "Sanger"], ["address", "1111 Canal St, New Orleans, LA 70112"], ["created_at", "2019-07-16 19:29:49.758129"], ["updated_at", "2019-07-16 19:29:49.758129"]]
  [1m[35m (0.4ms)[0m  [1m[35mCOMMIT[0m
  [1m[35m (0.2ms)[0m  [1m[35mBEGIN[0m
  [1m[36mTheatre Create (0.3ms)[0m  [1m[32mINSERT INTO "theatres" ("name", "address", "created_at", "updated_at") VALUES ($1, $2, $3, $4) RETURNING "id"[0m  [["name", "Ahmanson"], ["address", "135 N Grand Ave, Los Angeles, CA 90012"], ["created_at", "2019-07-16 19:31:34.983557"], ["updated_at", "2019-07-16 19:31:34.983557"]]
  [1m[35m (0.6ms)[0m  [1m[35mCOMMIT[0m
  [1m[35m (0.2ms)[0m  [1m[35mBEGIN[0m
  [1m[36mTheatre Create (0.3ms)[0m  [1m[32mINSERT INTO "theatres" ("name", "address", "created_at", "updated_at") VALUES ($1, $2, $3, $4) RETURNING "id"[0m  [["name", "Pantages"], ["address", "6233 Hollywood Blvd, Los Angeles, CA 90028"], ["created_at", "2019-07-16 19:33:06.931464"], ["updated_at", "2019-07-16 19:33:06.931464"]]
  [1m[35m (0.7ms)[0m  [1m[35mCOMMIT[0m
  [1m[35m (0.4ms)[0m  [1m[34mSELECT "schema_migrations"."version" FROM "schema_migrations" ORDER BY "schema_migrations"."version" ASC[0m
  ↳ bin/rails:9
  [1m[35m (0.3ms)[0m  [1m[34mSELECT COUNT(*) FROM "theatres"[0m
  ↳ app/models/theatre.rb:6
  [1m[36mTheatre Destroy (0.5ms)[0m  [1m[31mDELETE FROM "theatres"[0m
  ↳ db/seeds.rb:9
  [1m[36mCoffee Destroy (0.2ms)[0m  [1m[31mDELETE FROM "coffees"[0m
  ↳ db/seeds.rb:11
  [1m[36mProfile Destroy (0.3ms)[0m  [1m[31mDELETE FROM "profiles"[0m
  ↳ db/seeds.rb:13
  [1m[36mUser Destroy (0.5ms)[0m  [1m[31mDELETE FROM "users"[0m
  ↳ db/seeds.rb:14
  [1m[35m (0.2ms)[0m  [1m[34mSELECT pg_try_advisory_lock(3606862861387952460)[0m
  ↳ bin/rails:9
  [1m[35m (0.5ms)[0m  [1m[34mSELECT "schema_migrations"."version" FROM "schema_migrations" ORDER BY "schema_migrations"."version" ASC[0m
  ↳ bin/rails:9
Migrating to AddCoordinatesToTheatres (20190718192039)
  [1m[35m (0.1ms)[0m  [1m[35mBEGIN[0m
  ↳ bin/rails:9
  [1m[35m (10.1ms)[0m  [1m[35mALTER TABLE "theatres" ADD "latitude" float[0m
  ↳ db/migrate/20190718192039_add_coordinates_to_theatres.rb:3
  [1m[35m (1.2ms)[0m  [1m[35mALTER TABLE "theatres" ADD "longitude" float[0m
  ↳ db/migrate/20190718192039_add_coordinates_to_theatres.rb:4
  [1m[36mActiveRecord::SchemaMigration Create (0.3ms)[0m  [1m[32mINSERT INTO "schema_migrations" ("version") VALUES ($1) RETURNING "version"[0m  [["version", "20190718192039"]]
  ↳ bin/rails:9
  [1m[35m (0.9ms)[0m  [1m[35mCOMMIT[0m
  ↳ bin/rails:9
Migrating to AddCoordinatesToCoffeess (20190718192055)
  [1m[35m (0.2ms)[0m  [1m[34mSELECT pg_advisory_unlock(3606862861387952460)[0m
  ↳ bin/rails:9
  [1m[35m (0.2ms)[0m  [1m[34mSELECT pg_try_advisory_lock(3606862861387952460)[0m
  ↳ bin/rails:9
  [1m[35m (0.4ms)[0m  [1m[34mSELECT "schema_migrations"."version" FROM "schema_migrations" ORDER BY "schema_migrations"."version" ASC[0m
  ↳ bin/rails:9
Migrating to AddCoordinatesToCoffees (20190718192055)
  [1m[35m (0.1ms)[0m  [1m[35mBEGIN[0m
  ↳ bin/rails:9
  [1m[35m (0.5ms)[0m  [1m[35mALTER TABLE "coffees" ADD "latitude" float[0m
  ↳ db/migrate/20190718192055_add_coordinates_to_coffees.rb:3
  [1m[35m (0.2ms)[0m  [1m[35mALTER TABLE "coffees" ADD "longitude" float[0m
  ↳ db/migrate/20190718192055_add_coordinates_to_coffees.rb:4
  [1m[36mActiveRecord::SchemaMigration Create (0.2ms)[0m  [1m[32mINSERT INTO "schema_migrations" ("version") VALUES ($1) RETURNING "version"[0m  [["version", "20190718192055"]]
  ↳ bin/rails:9
  [1m[35m (0.4ms)[0m  [1m[35mCOMMIT[0m
  ↳ bin/rails:9
  [1m[36mActiveRecord::InternalMetadata Load (0.3ms)[0m  [1m[34mSELECT  "ar_internal_metadata".* FROM "ar_internal_metadata" WHERE "ar_internal_metadata"."key" = $1 LIMIT $2[0m  [["key", "environment"], ["LIMIT", 1]]
  ↳ bin/rails:9
  [1m[35m (0.1ms)[0m  [1m[35mBEGIN[0m
  ↳ bin/rails:9
  [1m[35m (0.1ms)[0m  [1m[35mCOMMIT[0m
  ↳ bin/rails:9
  [1m[35m (0.1ms)[0m  [1m[34mSELECT pg_advisory_unlock(3606862861387952460)[0m
  ↳ bin/rails:9
  [1m[35m (0.2ms)[0m  [1m[34mSELECT "schema_migrations"."version" FROM "schema_migrations" ORDER BY "schema_migrations"."version" ASC[0m
  ↳ bin/rails:9
  [1m[35m (0.2ms)[0m  [1m[35mBEGIN[0m
  [1m[36mTheatre Create (0.7ms)[0m  [1m[32mINSERT INTO "theatres" ("name", "address", "created_at", "updated_at", "latitude", "longitude") VALUES ($1, $2, $3, $4, $5, $6) RETURNING "id"[0m  [["name", "pantages"], ["address", "6233 Hollywood Blvd, Los Angeles, CA 90028"], ["created_at", "2019-07-18 19:25:48.440044"], ["updated_at", "2019-07-18 19:25:48.440044"], ["latitude", 34.1017119473684], ["longitude", -118.325481210526]]
  [1m[35m (1.0ms)[0m  [1m[35mCOMMIT[0m
  [1m[35m (0.2ms)[0m  [1m[35mBEGIN[0m
  [1m[36mTheatre Create (9.0ms)[0m  [1m[32mINSERT INTO "theatres" ("name", "address", "created_at", "updated_at", "latitude", "longitude") VALUES ($1, $2, $3, $4, $5, $6) RETURNING "id"[0m  [["name", "Pantages"], ["address", "6233 Hollywood Blvd, Los Angeles, CA 90028"], ["created_at", "2019-07-19 21:09:05.633639"], ["updated_at", "2019-07-19 21:09:05.633639"], ["latitude", 34.1017119473684], ["longitude", -118.325481210526]]
  [1m[35m (4.3ms)[0m  [1m[35mCOMMIT[0m
  [1m[35m (0.3ms)[0m  [1m[34mSELECT pg_try_advisory_lock(3606862861387952460)[0m
  ↳ bin/rails:9
  [1m[35m (2.3ms)[0m  [1m[34mSELECT "schema_migrations"."version" FROM "schema_migrations" ORDER BY "schema_migrations"."version" ASC[0m
  ↳ bin/rails:9
Migrating to AddTheatreToCoffees (20190719211127)
  [1m[35m (0.1ms)[0m  [1m[35mBEGIN[0m
  ↳ bin/rails:9
  [1m[35m (8.8ms)[0m  [1m[35mALTER TABLE "coffees" ADD "Theatre_id" bigint[0m
  ↳ db/migrate/20190719211127_add_theatre_to_coffees.rb:3
  [1m[35m (7.2ms)[0m  [1m[35mCREATE  INDEX  "index_coffees_on_Theatre_id" ON "coffees"  ("Theatre_id")[0m
  ↳ db/migrate/20190719211127_add_theatre_to_coffees.rb:3
  [1m[35m (1.9ms)[0m  [1m[35mALTER TABLE "coffees" ADD CONSTRAINT "fk_rails_a713dc1eda"
FOREIGN KEY ("Theatre_id")
  REFERENCES "Theatres" ("id")
[0m
  ↳ db/migrate/20190719211127_add_theatre_to_coffees.rb:3
  [1m[35m (0.1ms)[0m  [1m[31mROLLBACK[0m
  ↳ bin/rails:9
  [1m[35m (0.2ms)[0m  [1m[34mSELECT pg_advisory_unlock(3606862861387952460)[0m
  ↳ bin/rails:9
  [1m[35m (0.1ms)[0m  [1m[34mSELECT pg_try_advisory_lock(3606862861387952460)[0m
  ↳ bin/rails:9
  [1m[35m (0.4ms)[0m  [1m[34mSELECT "schema_migrations"."version" FROM "schema_migrations" ORDER BY "schema_migrations"."version" ASC[0m
  ↳ bin/rails:9
Migrating to AddCoffeeToTheatres (20190719211343)
  [1m[35m (0.1ms)[0m  [1m[35mBEGIN[0m
  ↳ bin/rails:9
  [1m[35m (0.5ms)[0m  [1m[35mALTER TABLE "theatres" ADD "Coffee_id" bigint[0m
  ↳ db/migrate/20190719211343_add_coffee_to_theatres.rb:3
  [1m[35m (3.5ms)[0m  [1m[35mCREATE  INDEX  "index_theatres_on_Coffee_id" ON "theatres"  ("Coffee_id")[0m
  ↳ db/migrate/20190719211343_add_coffee_to_theatres.rb:3
  [1m[35m (1.2ms)[0m  [1m[35mALTER TABLE "theatres" ADD CONSTRAINT "fk_rails_7b90c15a00"
FOREIGN KEY ("Coffee_id")
  REFERENCES "Coffees" ("id")
[0m
  ↳ db/migrate/20190719211343_add_coffee_to_theatres.rb:3
  [1m[35m (0.1ms)[0m  [1m[31mROLLBACK[0m
  ↳ bin/rails:9
  [1m[35m (0.2ms)[0m  [1m[34mSELECT pg_advisory_unlock(3606862861387952460)[0m
  ↳ bin/rails:9
  [1m[35m (0.2ms)[0m  [1m[34mSELECT pg_try_advisory_lock(3606862861387952460)[0m
  ↳ bin/rails:9
  [1m[35m (0.5ms)[0m  [1m[34mSELECT "schema_migrations"."version" FROM "schema_migrations" ORDER BY "schema_migrations"."version" ASC[0m
  ↳ bin/rails:9
Migrating to AddCoffeeToTheatres (20190719211343)
  [1m[35m (0.1ms)[0m  [1m[35mBEGIN[0m
  ↳ bin/rails:9
  [1m[35m (0.5ms)[0m  [1m[35mALTER TABLE "theatres" ADD "Coffee_id" bigint[0m
  ↳ db/migrate/20190719211343_add_coffee_to_theatres.rb:3
  [1m[35m (1.4ms)[0m  [1m[35mCREATE  INDEX  "index_theatres_on_Coffee_id" ON "theatres"  ("Coffee_id")[0m
  ↳ db/migrate/20190719211343_add_coffee_to_theatres.rb:3
  [1m[35m (1.4ms)[0m  [1m[35mALTER TABLE "theatres" ADD CONSTRAINT "fk_rails_7b90c15a00"
FOREIGN KEY ("Coffee_id")
  REFERENCES "Coffees" ("id")
[0m
  ↳ db/migrate/20190719211343_add_coffee_to_theatres.rb:3
  [1m[35m (0.1ms)[0m  [1m[31mROLLBACK[0m
  ↳ bin/rails:9
  [1m[35m (0.2ms)[0m  [1m[34mSELECT pg_advisory_unlock(3606862861387952460)[0m
  ↳ bin/rails:9
  [1m[35m (0.1ms)[0m  [1m[34mSELECT pg_try_advisory_lock(3606862861387952460)[0m
  ↳ bin/rails:9
  [1m[35m (0.4ms)[0m  [1m[34mSELECT "schema_migrations"."version" FROM "schema_migrations" ORDER BY "schema_migrations"."version" ASC[0m
  ↳ bin/rails:9
Migrating to AddReferencesToCoffees (20190719211701)
  [1m[35m (0.1ms)[0m  [1m[35mBEGIN[0m
  ↳ bin/rails:9
  [1m[35m (0.5ms)[0m  [1m[35mALTER TABLE "coffees" ADD "Theatre_id" bigint[0m
  ↳ db/migrate/20190719211701_add_references_to_coffees.rb:3
  [1m[35m (2.7ms)[0m  [1m[35mCREATE  INDEX  "index_coffees_on_Theatre_id" ON "coffees"  ("Theatre_id")[0m
  ↳ db/migrate/20190719211701_add_references_to_coffees.rb:3
  [1m[35m (1.9ms)[0m  [1m[35mALTER TABLE "coffees" ADD CONSTRAINT "fk_rails_a713dc1eda"
FOREIGN KEY ("Theatre_id")
  REFERENCES "Theatres" ("id")
[0m
  ↳ db/migrate/20190719211701_add_references_to_coffees.rb:3
  [1m[35m (0.1ms)[0m  [1m[31mROLLBACK[0m
  ↳ bin/rails:9
  [1m[35m (0.2ms)[0m  [1m[34mSELECT pg_advisory_unlock(3606862861387952460)[0m
  ↳ bin/rails:9
  [1m[35m (0.1ms)[0m  [1m[34mSELECT pg_try_advisory_lock(3606862861387952460)[0m
  ↳ bin/rails:9
  [1m[35m (0.4ms)[0m  [1m[34mSELECT "schema_migrations"."version" FROM "schema_migrations" ORDER BY "schema_migrations"."version" ASC[0m
  ↳ bin/rails:9
Migrating to AddReferencesToCoffees (20190719211701)
  [1m[35m (0.2ms)[0m  [1m[34mSELECT pg_advisory_unlock(3606862861387952460)[0m
  ↳ bin/rails:9
  [1m[35m (0.1ms)[0m  [1m[34mSELECT pg_try_advisory_lock(3606862861387952460)[0m
  ↳ bin/rails:9
  [1m[35m (0.4ms)[0m  [1m[34mSELECT "schema_migrations"."version" FROM "schema_migrations" ORDER BY "schema_migrations"."version" ASC[0m
  ↳ bin/rails:9
Migrating to AddReferencesToCoffees (20190719211701)
  [1m[35m (0.1ms)[0m  [1m[35mBEGIN[0m
  ↳ bin/rails:9
  [1m[35m (0.5ms)[0m  [1m[35mALTER TABLE "coffees" ADD "Theatre_id" bigint[0m
  ↳ db/migrate/20190719211701_add_references_to_coffees.rb:3
  [1m[35m (2.0ms)[0m  [1m[35mCREATE  INDEX  "index_coffees_on_Theatre_id" ON "coffees"  ("Theatre_id")[0m
  ↳ db/migrate/20190719211701_add_references_to_coffees.rb:3
  [1m[35m (1.5ms)[0m  [1m[35mALTER TABLE "coffees" ADD CONSTRAINT "fk_rails_a713dc1eda"
FOREIGN KEY ("Theatre_id")
  REFERENCES "Theatres" ("id")
[0m
  ↳ db/migrate/20190719211701_add_references_to_coffees.rb:3
  [1m[35m (0.1ms)[0m  [1m[31mROLLBACK[0m
  ↳ bin/rails:9
  [1m[35m (0.2ms)[0m  [1m[34mSELECT pg_advisory_unlock(3606862861387952460)[0m
  ↳ bin/rails:9
  [1m[35m (0.1ms)[0m  [1m[34mSELECT pg_try_advisory_lock(3606862861387952460)[0m
  ↳ bin/rails:9
  [1m[35m (0.4ms)[0m  [1m[34mSELECT "schema_migrations"."version" FROM "schema_migrations" ORDER BY "schema_migrations"."version" ASC[0m
  ↳ bin/rails:9
Migrating to AddReferencesToCoffees (20190719211701)
  [1m[35m (0.1ms)[0m  [1m[34mSELECT pg_advisory_unlock(3606862861387952460)[0m
  ↳ bin/rails:9
  [1m[35m (0.1ms)[0m  [1m[34mSELECT pg_try_advisory_lock(3606862861387952460)[0m
  ↳ bin/rails:9
  [1m[35m (0.4ms)[0m  [1m[34mSELECT "schema_migrations"."version" FROM "schema_migrations" ORDER BY "schema_migrations"."version" ASC[0m
  ↳ bin/rails:9
Migrating to AddReferencesToProfile (20190719212220)
  [1m[35m (0.1ms)[0m  [1m[35mBEGIN[0m
  ↳ bin/rails:9
  [1m[35m (0.4ms)[0m  [1m[35mALTER TABLE "profiles" ADD "user_id" bigint[0m
  ↳ db/migrate/20190719212220_add_references_to_profile.rb:3
  [1m[35m (3.6ms)[0m  [1m[35mCREATE  INDEX  "index_profiles_on_user_id" ON "profiles"  ("user_id")[0m
  ↳ db/migrate/20190719212220_add_references_to_profile.rb:3
  [1m[35m (8.9ms)[0m  [1m[35mALTER TABLE "profiles" ADD CONSTRAINT "fk_rails_e424190865"
FOREIGN KEY ("user_id")
  REFERENCES "users" ("id")
[0m
  ↳ db/migrate/20190719212220_add_references_to_profile.rb:3
  [1m[36mActiveRecord::SchemaMigration Create (0.2ms)[0m  [1m[32mINSERT INTO "schema_migrations" ("version") VALUES ($1) RETURNING "version"[0m  [["version", "20190719212220"]]
  ↳ bin/rails:9
  [1m[35m (0.4ms)[0m  [1m[35mCOMMIT[0m
  ↳ bin/rails:9
  [1m[36mActiveRecord::InternalMetadata Load (1.9ms)[0m  [1m[34mSELECT  "ar_internal_metadata".* FROM "ar_internal_metadata" WHERE "ar_internal_metadata"."key" = $1 LIMIT $2[0m  [["key", "environment"], ["LIMIT", 1]]
  ↳ bin/rails:9
  [1m[35m (0.1ms)[0m  [1m[35mBEGIN[0m
  ↳ bin/rails:9
  [1m[35m (0.1ms)[0m  [1m[35mCOMMIT[0m
  ↳ bin/rails:9
  [1m[35m (0.2ms)[0m  [1m[34mSELECT pg_advisory_unlock(3606862861387952460)[0m
  ↳ bin/rails:9
  [1m[35m (0.2ms)[0m  [1m[34mSELECT "schema_migrations"."version" FROM "schema_migrations" ORDER BY "schema_migrations"."version" ASC[0m
  ↳ bin/rails:9
  [1m[35m (0.1ms)[0m  [1m[34mSELECT pg_try_advisory_lock(3606862861387952460)[0m
  ↳ bin/rails:9
  [1m[35m (0.4ms)[0m  [1m[34mSELECT "schema_migrations"."version" FROM "schema_migrations" ORDER BY "schema_migrations"."version" ASC[0m
  ↳ bin/rails:9
Migrating to AddReferencesToCoffee (20190719212415)
  [1m[35m (0.1ms)[0m  [1m[35mBEGIN[0m
  ↳ bin/rails:9
  [1m[35m (0.4ms)[0m  [1m[35mALTER TABLE "coffees" ADD "theatre_id" bigint[0m
  ↳ db/migrate/20190719212415_add_references_to_coffee.rb:3
  [1m[35m (2.6ms)[0m  [1m[35mCREATE  INDEX  "index_coffees_on_theatre_id" ON "coffees"  ("theatre_id")[0m
  ↳ db/migrate/20190719212415_add_references_to_coffee.rb:3
  [1m[35m (1.4ms)[0m  [1m[35mALTER TABLE "coffees" ADD CONSTRAINT "fk_rails_eb83a19ef7"
FOREIGN KEY ("theatre_id")
  REFERENCES "theatres" ("id")
[0m
  ↳ db/migrate/20190719212415_add_references_to_coffee.rb:3
  [1m[36mActiveRecord::SchemaMigration Create (0.3ms)[0m  [1m[32mINSERT INTO "schema_migrations" ("version") VALUES ($1) RETURNING "version"[0m  [["version", "20190719212415"]]
  ↳ bin/rails:9
  [1m[35m (0.4ms)[0m  [1m[35mCOMMIT[0m
  ↳ bin/rails:9
  [1m[36mActiveRecord::InternalMetadata Load (0.2ms)[0m  [1m[34mSELECT  "ar_internal_metadata".* FROM "ar_internal_metadata" WHERE "ar_internal_metadata"."key" = $1 LIMIT $2[0m  [["key", "environment"], ["LIMIT", 1]]
  ↳ bin/rails:9
  [1m[35m (0.1ms)[0m  [1m[35mBEGIN[0m
  ↳ bin/rails:9
  [1m[35m (0.1ms)[0m  [1m[35mCOMMIT[0m
  ↳ bin/rails:9
  [1m[35m (0.1ms)[0m  [1m[34mSELECT pg_advisory_unlock(3606862861387952460)[0m
  ↳ bin/rails:9
  [1m[35m (0.1ms)[0m  [1m[34mSELECT "schema_migrations"."version" FROM "schema_migrations" ORDER BY "schema_migrations"."version" ASC[0m
  ↳ bin/rails:9
